2026-01-09 14:20:36,952 INFO: Application startup [in c:\Users\mendela.a\Documents\python_work_projects\test\app.py:27]
2026-01-09 14:21:23,307 INFO: Application startup [in C:\Users\mendela.a\Documents\python_work_projects\test\app.py:27]
2026-01-09 14:21:27,732 INFO: Application startup [in c:\Users\mendela.a\Documents\python_work_projects\test\app.py:27]
2026-01-09 14:21:29,147 INFO: Application startup [in c:\Users\mendela.a\Documents\python_work_projects\test\app.py:27]
2026-01-09 14:22:17,499 INFO: User created: user by admin [in c:\Users\mendela.a\Documents\python_work_projects\test\app.py:478]
2026-01-09 14:23:00,527 INFO: User deleted: user by admin [in c:\Users\mendela.a\Documents\python_work_projects\test\app.py:495]
2026-01-09 14:23:10,469 INFO: User created: user by admin [in c:\Users\mendela.a\Documents\python_work_projects\test\app.py:478]
2026-01-09 14:29:15,905 INFO: Application startup [in c:\Users\mendela.a\Documents\python_work_projects\test\app.py:27]
2026-01-09 14:29:18,388 INFO: Application startup [in c:\Users\mendela.a\Documents\python_work_projects\test\app.py:27]
2026-01-09 14:35:33,519 INFO: Application startup [in c:\Users\mendela.a\Documents\python_work_projects\test\app.py:27]
2026-01-09 14:35:34,417 INFO: Record created: 1 by op [in c:\Users\mendela.a\Documents\python_work_projects\test\app.py:317]
2026-01-09 14:35:34,441 INFO: Record created: 2 by op [in c:\Users\mendela.a\Documents\python_work_projects\test\app.py:317]
2026-01-09 14:35:35,510 INFO: Application startup [in c:\Users\mendela.a\Documents\python_work_projects\test\app.py:27]
2026-01-09 14:35:58,209 INFO: Application startup [in c:\Users\mendela.a\Documents\python_work_projects\test\app.py:27]
2026-01-09 14:35:59,081 INFO: Record created: 1 by op [in c:\Users\mendela.a\Documents\python_work_projects\test\app.py:317]
2026-01-09 14:36:12,333 INFO: Application startup [in c:\Users\mendela.a\Documents\python_work_projects\test\app.py:27]
2026-01-09 14:36:13,198 INFO: Record created: 1 by op [in c:\Users\mendela.a\Documents\python_work_projects\test\app.py:317]
2026-01-09 14:36:13,218 INFO: Record created: 2 by op [in c:\Users\mendela.a\Documents\python_work_projects\test\app.py:317]
2026-01-09 14:38:27,304 INFO: Application startup [in C:\Users\mendela.a\Documents\python_work_projects\test\app.py:27]
2026-01-09 14:38:27,736 INFO: Admin user created during init: admin [in C:\Users\mendela.a\Documents\python_work_projects\test\app.py:540]
